2022-12-20 19:31:14,566 Server has started
2022-12-20 19:31:33,442 Succesfully connected to server.
2022-12-20 19:31:33,442 New connection to server
2022-12-20 19:31:33,443 Received client_id from server: 1
2022-12-20 19:31:33,444 Thread has been started on server for new connection
2022-12-20 19:31:37,503 Succesfully connected to server.
2022-12-20 19:31:37,503 New connection to server
2022-12-20 19:31:37,503 Received client_id from server: 2
2022-12-20 19:31:37,504 Thread has been started on server for new connection
2022-12-20 19:31:42,341 Connection error to server, did you disconnect?
2022-12-20 19:31:43,790 Connection error to server, did you disconnect?
2022-12-20 19:39:05,528 Server has started
2022-12-20 19:39:11,406 New connection to server
erver.
2022-12-20 19:39:11,407 Received client_id from server: 1
2022-12-20 19:39:11,409 Thread has been started on server for new connection
2022-12-20 19:39:30,798 Succesfully connected to server.
2022-12-20 19:39:30,798 New connection to server
2022-12-20 19:39:30,799 Received client_id from server: 2
2022-12-20 19:39:30,799 Thread has been started on server for new connection
2022-12-20 19:39:35,145 Connection error to server, did you disconnect?
2022-12-20 19:39:36,382 Connection error to server, did you disconnect?
2022-12-20 19:40:10,362 Server has started
2022-12-20 19:40:19,261 Succesfully connected to server.
2022-12-20 19:40:19,262 Received client_id from server: 1
2022-12-20 19:40:19,263 Thread has been started on server for new connection
2022-12-20 19:40:34,447 Succesfully connected to server.
2022-12-20 19:40:34,448 New connection to server
2022-12-20 19:40:34,448 Received client_id from server: 2
2022-12-20 19:40:34,449 Thread has been started on server for new connection
2022-12-20 19:40:34,472 Data received to client is not a message, decoding as pickle
2022-12-20 19:40:34,475 1 does not have a surface.
2022-12-20 19:40:34,483 Data received to client is not a message, decoding as pickle
2022-12-20 19:40:34,487 Data received to client is not a message, decoding as pickle
2022-12-20 19:40:34,490 2 does not have a surface.
2022-12-20 19:40:34,493 Data received to client is not a message, decoding as pickle
2022-12-20 19:40:34,501 Data received to client is not a message, decoding as pickle
2022-12-20 19:40:34,503 Data received to client is not a message, decoding as pickle
2022-12-20 19:40:34,516 Data received to client is not a message, decoding as pickle
2022-12-20 19:40:34,517 Data received to client is not a message, decoding as pickle
2022-12-20 19:40:34,533 Data received to client is not a message, decoding as pickle
2022-12-20 19:40:34,533 Data received to client is not a message, decoding as pickle
2022-12-20 19:40:34,549 Data received to client is not a message, decoding as pickle
2022-12-20 19:40:34,549 Data received to client is not a message, decoding as pickle
2022-12-20 19:40:34,565 Data received to client is not a message, decoding as pickle
2022-12-20 19:40:34,581 Data received to client is not a message, decoding as pickle
2022-12-20 19:40:34,581 Data received to client is not a message, decoding as pickle
2022-12-20 19:40:34,601 Data received to client is not a message, decoding as pickle
2022-12-20 19:40:34,601 Data received to client is not a message, decoding as pickle
2022-12-20 19:40:34,614 Data received to client is not a message, decoding as pickle
2022-12-20 19:40:34,630 Data received to client is not a message, decoding as pickle
2022-12-20 19:40:34,630 Data received to client is not a message, decoding as pickle
2022-12-20 19:40:34,647 Data received to client is not a message, decoding as pickle
2022-12-20 19:40:34,647 Data received to client is not a message, decoding as pickle
2022-12-20 19:40:34,663 Data received to client is not a message, decoding as pickle
2022-12-20 19:40:34,680 Data received to client is not a message, decoding as pickle
2022-12-20 19:40:34,680 Data received to client is not a message, decoding as pickle
2022-12-20 19:40:34,696 Data received to client is not a message, decoding as pickle
2022-12-20 19:40:34,697 Data received to client is not a message, decoding as pickle
2022-12-20 19:40:34,712 Data received to client is not a message, decoding as pickle
2022-12-20 19:40:34,713 Data received to client is not a message, decoding as pickle
2022-12-20 19:40:34,729 Data received to client is not a message, decoding as pickle
2022-12-20 19:40:34,729 Data received to client is not a message, decoding as pickle
2022-12-20 19:40:34,745 Data received to client is not a message, decoding as pickle
2022-12-20 19:40:34,761 Data received to client is not a message, decoding as pickle
2022-12-20 19:40:34,761 Data received to client is not a message, decoding as pickle
2022-12-20 19:40:34,776 Data received to client is not a message, decoding as pickle
2022-12-20 19:40:34,778 Data received to client is not a message, decoding as pickle
2022-12-20 19:40:34,792 Data received to client is not a message, decoding as pickle
2022-12-20 19:40:34,794 Data received to client is not a message, decoding as pickle
2022-12-20 19:40:34,809 Data received to client is not a message, decoding as pickle
2022-12-20 19:40:34,810 Data received to client is not a message, decoding as pickle
2022-12-20 19:40:34,824 Data received to client is not a message, decoding as pickle
2022-12-20 19:40:34,828 Data received to client is not a message, decoding as pickle
2022-12-20 19:40:34,841 Data received to client is not a message, decoding as pickle
2022-12-20 19:40:34,844 Data received to client is not a message, decoding as pickle
2022-12-20 19:40:34,858 Data received to client is not a message, decoding as pickle
2022-12-20 19:40:34,861 Data received to client is not a message, decoding as pickle
2022-12-20 19:40:34,874 Data received to client is not a message, decoding as pickle
2022-12-20 19:40:34,876 Data received to client is not a message, decoding as pickle
2022-12-20 19:40:34,893 Data received to client is not a message, decoding as pickle
2022-12-20 19:40:34,895 Data received to client is not a message, decoding as pickle
2022-12-20 19:40:34,906 Data received to client is not a message, decoding as pickle
2022-12-20 19:40:34,907 Data received to client is not a message, decoding as pickle
2022-12-20 19:40:34,924 Data received to client is not a message, decoding as pickle
2022-12-20 19:40:34,939 Data received to client is not a message, decoding as pickle
2022-12-20 19:40:34,957 Data received to client is not a message, decoding as pickle
2022-12-20 19:40:34,957 Data received to client is not a message, decoding as pickle
2022-12-20 19:40:34,971 Data received to client is not a message, decoding as pickle
2022-12-20 19:40:34,972 Data received to client is not a message, decoding as pickle
2022-12-20 19:40:34,988 Data received to client is not a message, decoding as pickle
2022-12-20 19:40:34,990 Data received to client is not a message, decoding as pickle
2022-12-20 19:40:35,005 Data received to client is not a message, decoding as pickle
2022-12-20 19:40:35,022 Data received to client is not a message, decoding as pickle
2022-12-20 19:40:35,022 Data received to client is not a message, decoding as pickle
2022-12-20 19:40:35,036 Data received to client is not a message, decoding as pickle
2022-12-20 19:40:35,037 Data received to client is not a message, decoding as pickle
2022-12-20 19:40:35,053 Data received to client is not a message, decoding as pickle
2022-12-20 19:40:35,053 Data received to client is not a message, decoding as pickle
2022-12-20 19:40:35,071 Data received to client is not a message, decoding as pickle
2022-12-20 19:40:35,072 Data received to client is not a message, decoding as pickle
2022-12-20 19:40:35,084 Data received to client is not a message, decoding as pickle
2022-12-20 19:40:35,086 Data received to client is not a message, decoding as pickle
2022-12-20 19:40:35,101 Data received to client is not a message, decoding as pickle
2022-12-20 19:40:35,117 Data received to client is not a message, decoding as pickle
2022-12-20 19:40:35,117 Data received to client is not a message, decoding as pickle
2022-12-20 19:40:35,134 Data received to client is not a message, decoding as pickle
2022-12-20 19:40:35,134 Data received to client is not a message, decoding as pickle
2022-12-20 19:40:35,150 Data received to client is not a message, decoding as pickle
2022-12-20 19:40:35,150 Data received to client is not a message, decoding as pickle
2022-12-20 19:40:35,166 Data received to client is not a message, decoding as pickle
2022-12-20 19:40:35,166 Data received to client is not a message, decoding as pickle
2022-12-20 19:40:35,183 Data received to client is not a message, decoding as pickle
2022-12-20 19:40:35,183 Data received to client is not a message, decoding as pickle
2022-12-20 19:40:35,199 Data received to client is not a message, decoding as pickle
2022-12-20 19:40:35,201 Data received to client is not a message, decoding as pickle
2022-12-20 19:40:35,217 Data received to client is not a message, decoding as pickle
2022-12-20 19:40:35,218 Data received to client is not a message, decoding as pickle
2022-12-20 19:40:35,235 Data received to client is not a message, decoding as pickle
2022-12-20 19:40:35,237 Data received to client is not a message, decoding as pickle
2022-12-20 19:40:35,248 Data received to client is not a message, decoding as pickle
2022-12-20 19:40:35,250 Data received to client is not a message, decoding as pickle
2022-12-20 19:40:35,265 Data received to client is not a message, decoding as pickle
2022-12-20 19:40:35,269 Data received to client is not a message, decoding as pickle
2022-12-20 19:40:35,281 Data received to client is not a message, decoding as pickle
2022-12-20 19:40:35,284 Data received to client is not a message, decoding as pickle
2022-12-20 19:40:35,298 Data received to client is not a message, decoding as pickle
2022-12-20 19:40:35,302 Data received to client is not a message, decoding as pickle
2022-12-20 19:40:35,314 Data received to client is not a message, decoding as pickle
2022-12-20 19:40:35,319 Data received to client is not a message, decoding as pickle
2022-12-20 19:40:35,330 Data received to client is not a message, decoding as pickle
2022-12-20 19:40:35,334 Data received to client is not a message, decoding as pickle
2022-12-20 19:40:35,347 Data received to client is not a message, decoding as pickle
2022-12-20 19:40:35,351 Data received to client is not a message, decoding as pickle
2022-12-20 19:40:35,364 Data received to client is not a message, decoding as pickle
2022-12-20 19:40:35,369 Data received to client is not a message, decoding as pickle
2022-12-20 19:40:35,382 Data received to client is not a message, decoding as pickle
2022-12-20 19:40:35,385 Data received to client is not a message, decoding as pickle
2022-12-20 19:40:35,399 Data received to client is not a message, decoding as pickle
2022-12-20 19:40:35,405 Data received to client is not a message, decoding as pickle
2022-12-20 19:40:35,414 Data received to client is not a message, decoding as pickle
2022-12-20 19:40:35,419 Data received to client is not a message, decoding as pickle
2022-12-20 19:40:35,431 Data received to client is not a message, decoding as pickle
2022-12-20 19:40:35,436 Data received to client is not a message, decoding as pickle
2022-12-20 19:40:35,447 Data received to client is not a message, decoding as pickle
2022-12-20 19:40:35,453 Data received to client is not a message, decoding as pickle
2022-12-20 19:40:35,466 Data received to client is not a message, decoding as pickle
2022-12-20 19:40:35,472 Data received to client is not a message, decoding as pickle
2022-12-20 19:40:35,482 Data received to client is not a message, decoding as pickle
2022-12-20 19:40:35,486 Data received to client is not a message, decoding as pickle
2022-12-20 19:40:35,498 Data received to client is not a message, decoding as pickle
2022-12-20 19:40:35,501 Data received to client is not a message, decoding as pickle
2022-12-20 19:40:35,514 Data received to client is not a message, decoding as pickle
2022-12-20 19:40:35,520 Data received to client is not a message, decoding as pickle
2022-12-20 19:40:35,531 Data received to client is not a message, decoding as pickle
2022-12-20 19:40:35,537 Data received to client is not a message, decoding as pickle
2022-12-20 19:40:35,547 Data received to client is not a message, decoding as pickle
2022-12-20 19:40:35,551 Data received to client is not a message, decoding as pickle
2022-12-20 19:40:35,564 Data received to client is not a message, decoding as pickle
2022-12-20 19:40:35,569 Data received to client is not a message, decoding as pickle
2022-12-20 19:40:35,580 Data received to client is not a message, decoding as pickle
2022-12-20 19:40:35,586 Data received to client is not a message, decoding as pickle
2022-12-20 19:40:35,597 Data received to client is not a message, decoding as pickle
2022-12-20 19:40:35,603 Data received to client is not a message, decoding as pickle
2022-12-20 19:40:35,615 Data received to client is not a message, decoding as pickle
2022-12-20 19:40:35,619 Data received to client is not a message, decoding as pickle
2022-12-20 19:40:35,632 Data received to client is not a message, decoding as pickle
2022-12-20 19:40:35,635 Data received to client is not a message, decoding as pickle
2022-12-20 19:40:35,648 Data received to client is not a message, decoding as pickle
2022-12-20 19:40:35,651 Data received to client is not a message, decoding as pickle
2022-12-20 19:40:35,664 Data received to client is not a message, decoding as pickle
2022-12-20 19:40:35,667 Data received to client is not a message, decoding as pickle
2022-12-20 19:40:35,680 Data received to client is not a message, decoding as pickle
2022-12-20 19:40:35,682 Data received to client is not a message, decoding as pickle
2022-12-20 19:40:35,697 Data received to client is not a message, decoding as pickle
2022-12-20 19:40:35,699 Data received to client is not a message, decoding as pickle
2022-12-20 19:40:35,714 Data received to client is not a message, decoding as pickle
2022-12-20 19:40:35,716 Data received to client is not a message, decoding as pickle
2022-12-20 19:40:35,731 Data received to client is not a message, decoding as pickle
2022-12-20 19:40:35,733 Data received to client is not a message, decoding as pickle
2022-12-20 19:40:35,749 Data received to client is not a message, decoding as pickle
2022-12-20 19:40:35,751 Data received to client is not a message, decoding as pickle
2022-12-20 19:40:35,764 Data received to client is not a message, decoding as pickle
2022-12-20 19:40:35,765 Data received to client is not a message, decoding as pickle
2022-12-20 19:40:35,781 Data received to client is not a message, decoding as pickle
2022-12-20 19:40:35,781 Data received to client is not a message, decoding as pickle
2022-12-20 19:40:35,797 Data received to client is not a message, decoding as pickle
2022-12-20 19:40:35,797 Data received to client is not a message, decoding as pickle
2022-12-20 19:40:35,814 Data received to client is not a message, decoding as pickle
2022-12-20 19:40:35,814 Data received to client is not a message, decoding as pickle
2022-12-20 19:40:35,831 Data received to client is not a message, decoding as pickle
2022-12-20 19:40:35,831 Data received to client is not a message, decoding as pickle
2022-12-20 19:40:35,848 Data received to client is not a message, decoding as pickle
2022-12-20 19:40:35,848 Data received to client is not a message, decoding as pickle
2022-12-20 19:40:35,863 Data received to client is not a message, decoding as pickle
2022-12-20 19:40:35,881 Data received to client is not a message, decoding as pickle
2022-12-20 19:40:35,881 Data received to client is not a message, decoding as pickle
2022-12-20 19:40:35,897 Data received to client is not a message, decoding as pickle
2022-12-20 19:40:35,899 Data received to client is not a message, decoding as pickle
2022-12-20 19:40:35,912 Data received to client is not a message, decoding as pickle
2022-12-20 19:40:35,914 Data received to client is not a message, decoding as pickle
2022-12-20 19:40:35,929 Data received to client is not a message, decoding as pickle
2022-12-20 19:40:35,929 Data received to client is not a message, decoding as pickle
2022-12-20 19:40:35,943 Data received to client is not a message, decoding as pickle
2022-12-20 19:40:35,944 Data received to client is not a message, decoding as pickle
2022-12-20 19:40:35,967 Data received to client is not a message, decoding as pickle
2022-12-20 19:40:35,967 Data received to client is not a message, decoding as pickle
2022-12-20 19:40:35,979 Data received to client is not a message, decoding as pickle
2022-12-20 19:40:36,001 Data received to client is not a message, decoding as pickle
2022-12-20 19:40:36,013 Data received to client is not a message, decoding as pickle
2022-12-20 19:40:36,013 Data received to client is not a message, decoding as pickle
2022-12-20 19:40:36,029 Data received to client is not a message, decoding as pickle
2022-12-20 19:40:36,029 Data received to client is not a message, decoding as pickle
2022-12-20 19:40:36,042 Data received to client is not a message, decoding as pickle
2022-12-20 19:40:36,046 Data received to client is not a message, decoding as pickle
2022-12-20 19:40:36,058 Data received to client is not a message, decoding as pickle
2022-12-20 19:40:36,059 Data received to client is not a message, decoding as pickle
2022-12-20 19:40:36,074 Data received to client is not a message, decoding as pickle
2022-12-20 19:40:36,077 Data received to client is not a message, decoding as pickle
2022-12-20 19:40:36,090 Data received to client is not a message, decoding as pickle
2022-12-20 19:40:36,092 Data received to client is not a message, decoding as pickle
2022-12-20 19:40:36,107 Data received to client is not a message, decoding as pickle
2022-12-20 19:40:36,109 Data received to client is not a message, decoding as pickle
2022-12-20 19:40:36,123 Data received to client is not a message, decoding as pickle
2022-12-20 19:40:36,125 Data received to client is not a message, decoding as pickle
2022-12-20 19:40:36,138 Data received to client is not a message, decoding as pickle
2022-12-20 19:40:36,140 Data received to client is not a message, decoding as pickle
2022-12-20 19:40:36,155 Data received to client is not a message, decoding as pickle
2022-12-20 19:40:36,156 Data received to client is not a message, decoding as pickle
2022-12-20 19:40:36,172 Data received to client is not a message, decoding as pickle
2022-12-20 19:40:36,174 Data received to client is not a message, decoding as pickle
2022-12-20 19:40:36,189 Data received to client is not a message, decoding as pickle
2022-12-20 19:40:36,190 Data received to client is not a message, decoding as pickle
2022-12-20 19:40:36,202 Data received to client is not a message, decoding as pickle
2022-12-20 19:40:36,205 Data received to client is not a message, decoding as pickle
2022-12-20 19:40:36,218 Data received to client is not a message, decoding as pickle
2022-12-20 19:40:36,221 Data received to client is not a message, decoding as pickle
2022-12-20 19:40:36,235 Data received to client is not a message, decoding as pickle
2022-12-20 19:40:36,237 Data received to client is not a message, decoding as pickle
2022-12-20 19:40:36,252 Data received to client is not a message, decoding as pickle
2022-12-20 19:40:36,253 Data received to client is not a message, decoding as pickle
2022-12-20 19:40:36,268 Data received to client is not a message, decoding as pickle
2022-12-20 19:40:36,270 Data received to client is not a message, decoding as pickle
2022-12-20 19:40:36,283 Data received to client is not a message, decoding as pickle
2022-12-20 19:40:36,286 Data received to client is not a message, decoding as pickle
2022-12-20 19:40:36,298 Data received to client is not a message, decoding as pickle
2022-12-20 19:40:36,301 Data received to client is not a message, decoding as pickle
2022-12-20 19:40:36,319 Data received to client is not a message, decoding as pickle
2022-12-20 19:40:36,321 Data received to client is not a message, decoding as pickle
2022-12-20 19:40:36,331 Data received to client is not a message, decoding as pickle
2022-12-20 19:40:36,333 Data received to client is not a message, decoding as pickle
2022-12-20 19:40:36,352 Data received to client is not a message, decoding as pickle
2022-12-20 19:40:36,354 Data received to client is not a message, decoding as pickle
2022-12-20 19:40:36,363 Data received to client is not a message, decoding as pickle
2022-12-20 19:40:36,365 Data received to client is not a message, decoding as pickle
2022-12-20 19:40:36,384 Data received to client is not a message, decoding as pickle
2022-12-20 19:40:36,385 Data received to client is not a message, decoding as pickle
2022-12-20 19:40:36,397 Data received to client is not a message, decoding as pickle
2022-12-20 19:40:36,399 Data received to client is not a message, decoding as pickle
2022-12-20 19:40:36,415 Data received to client is not a message, decoding as pickle
2022-12-20 19:40:36,416 Data received to client is not a message, decoding as pickle
2022-12-20 19:40:36,429 Data received to client is not a message, decoding as pickle
2022-12-20 19:40:36,433 Data received to client is not a message, decoding as pickle
2022-12-20 19:40:36,446 Data received to client is not a message, decoding as pickle
2022-12-20 19:40:36,447 Data received to client is not a message, decoding as pickle
2022-12-20 19:40:36,463 Data received to client is not a message, decoding as pickle
2022-12-20 19:40:36,464 Data received to client is not a message, decoding as pickle
2022-12-20 19:40:36,480 Data received to client is not a message, decoding as pickle
2022-12-20 19:40:36,481 Data received to client is not a message, decoding as pickle
2022-12-20 19:40:36,496 Data received to client is not a message, decoding as pickle
2022-12-20 19:40:36,497 Data received to client is not a message, decoding as pickle
2022-12-20 19:40:36,512 Data received to client is not a message, decoding as pickle
2022-12-20 19:40:36,513 Data received to client is not a message, decoding as pickle
2022-12-20 19:40:36,529 Data received to client is not a message, decoding as pickle
2022-12-20 19:40:36,530 Data received to client is not a message, decoding as pickle
2022-12-20 19:40:36,550 Data received to client is not a message, decoding as pickle
2022-12-20 19:40:36,550 Data received to client is not a message, decoding as pickle
2022-12-20 19:40:36,562 Data received to client is not a message, decoding as pickle
2022-12-20 19:40:36,564 Data received to client is not a message, decoding as pickle
2022-12-20 19:40:36,578 Data received to client is not a message, decoding as pickle
2022-12-20 19:40:36,579 Data received to client is not a message, decoding as pickle
2022-12-20 19:40:36,595 Data received to client is not a message, decoding as pickle
2022-12-20 19:40:36,597 Data received to client is not a message, decoding as pickle
2022-12-20 19:40:36,612 Data received to client is not a message, decoding as pickle
2022-12-20 19:40:36,613 Data received to client is not a message, decoding as pickle
2022-12-20 19:40:36,627 Data received to client is not a message, decoding as pickle
2022-12-20 19:40:36,629 Data received to client is not a message, decoding as pickle
2022-12-20 19:40:36,642 Data received to client is not a message, decoding as pickle
2022-12-20 19:40:36,646 Data received to client is not a message, decoding as pickle
2022-12-20 19:40:36,659 Data received to client is not a message, decoding as pickle
2022-12-20 19:40:36,663 Data received to client is not a message, decoding as pickle
2022-12-20 19:40:36,680 Data received to client is not a message, decoding as pickle
2022-12-20 19:40:36,685 Data received to client is not a message, decoding as pickle
2022-12-20 19:40:36,692 Data received to client is not a message, decoding as pickle
2022-12-20 19:40:36,696 Data received to client is not a message, decoding as pickle
2022-12-20 19:40:36,711 Data received to client is not a message, decoding as pickle
2022-12-20 19:40:36,716 Data received to client is not a message, decoding as pickle
2022-12-20 19:40:36,724 Data received to client is not a message, decoding as pickle
2022-12-20 19:40:36,729 Data received to client is not a message, decoding as pickle
2022-12-20 19:40:36,741 Data received to client is not a message, decoding as pickle
2022-12-20 19:40:36,747 Data received to client is not a message, decoding as pickle
2022-12-20 19:40:36,757 Data received to client is not a message, decoding as pickle
2022-12-20 19:40:36,763 Data received to client is not a message, decoding as pickle
2022-12-20 19:40:36,773 Data received to client is not a message, decoding as pickle
2022-12-20 19:40:36,780 Data received to client is not a message, decoding as pickle
2022-12-20 19:40:36,789 Data received to client is not a message, decoding as pickle
2022-12-20 19:40:36,796 Data received to client is not a message, decoding as pickle
2022-12-20 19:40:36,804 Data received to client is not a message, decoding as pickle
2022-12-20 19:40:36,813 Data received to client is not a message, decoding as pickle
2022-12-20 19:40:36,822 Data received to client is not a message, decoding as pickle
2022-12-20 19:40:36,831 Data received to client is not a message, decoding as pickle
2022-12-20 19:40:36,839 Data received to client is not a message, decoding as pickle
2022-12-20 19:40:36,846 Data received to client is not a message, decoding as pickle
2022-12-20 19:40:36,859 Data received to client is not a message, decoding as pickle
2022-12-20 19:40:36,866 Data received to client is not a message, decoding as pickle
2022-12-20 19:40:36,874 Data received to client is not a message, decoding as pickle
2022-12-20 19:40:36,883 Data received to client is not a message, decoding as pickle
2022-12-20 19:40:36,890 Data received to client is not a message, decoding as pickle
2022-12-20 19:40:36,897 Data received to client is not a message, decoding as pickle
2022-12-20 19:40:36,914 Data received to client is not a message, decoding as pickle
2022-12-20 19:40:36,948 Data received to client is not a message, decoding as pickle
2022-12-20 19:40:36,959 Data received to client is not a message, decoding as pickle
2022-12-20 19:40:36,973 Data received to client is not a message, decoding as pickle
2022-12-20 19:40:36,974 Data received to client is not a message, decoding as pickle
2022-12-20 19:40:36,993 Data received to client is not a message, decoding as pickle
2022-12-20 19:40:36,997 Data received to client is not a message, decoding as pickle
2022-12-20 19:40:37,008 Data received to client is not a message, decoding as pickle
2022-12-20 19:40:37,014 Data received to client is not a message, decoding as pickle
2022-12-20 19:40:37,024 Data received to client is not a message, decoding as pickle
2022-12-20 19:40:37,034 Data received to client is not a message, decoding as pickle
2022-12-20 19:40:37,039 Data received to client is not a message, decoding as pickle
2022-12-20 19:40:37,046 Data received to client is not a message, decoding as pickle
2022-12-20 19:40:37,056 Data received to client is not a message, decoding as pickle
2022-12-20 19:40:37,063 Data received to client is not a message, decoding as pickle
2022-12-20 19:40:37,074 Data received to client is not a message, decoding as pickle
2022-12-20 19:40:37,091 Data received to client is not a message, decoding as pickle
2022-12-20 19:40:37,104 Data received to client is not a message, decoding as pickle
2022-12-20 19:40:37,108 Data received to client is not a message, decoding as pickle
2022-12-20 19:40:37,121 Data received to client is not a message, decoding as pickle
2022-12-20 19:40:37,123 Data received to client is not a message, decoding as pickle
2022-12-20 19:40:37,133 Data received to client is not a message, decoding as pickle
2022-12-20 19:40:37,137 Data received to client is not a message, decoding as pickle
2022-12-20 19:40:37,145 Data received to client is not a message, decoding as pickle
2022-12-20 19:40:37,151 Data received to client is not a message, decoding as pickle
2022-12-20 19:40:37,157 Data received to client is not a message, decoding as pickle
2022-12-20 19:40:37,163 Data received to client is not a message, decoding as pickle
2022-12-20 19:40:37,173 Data received to client is not a message, decoding as pickle
2022-12-20 19:40:37,180 Data received to client is not a message, decoding as pickle
2022-12-20 19:40:37,189 Data received to client is not a message, decoding as pickle
2022-12-20 19:40:37,197 Data received to client is not a message, decoding as pickle
2022-12-20 19:40:37,206 Data received to client is not a message, decoding as pickle
2022-12-20 19:40:37,213 Data received to client is not a message, decoding as pickle
2022-12-20 19:40:37,222 Data received to client is not a message, decoding as pickle
2022-12-20 19:40:37,229 Data received to client is not a message, decoding as pickle
2022-12-20 19:40:37,237 Data received to client is not a message, decoding as pickle
2022-12-20 19:40:37,246 Data received to client is not a message, decoding as pickle
2022-12-20 19:40:37,254 Data received to client is not a message, decoding as pickle
2022-12-20 19:40:37,263 Data received to client is not a message, decoding as pickle
2022-12-20 19:40:37,270 Data received to client is not a message, decoding as pickle
2022-12-20 19:40:37,284 Data received to client is not a message, decoding as pickle
2022-12-20 19:40:37,287 Data received to client is not a message, decoding as pickle
2022-12-20 19:40:37,298 Data received to client is not a message, decoding as pickle
2022-12-20 19:40:37,302 Data received to client is not a message, decoding as pickle
2022-12-20 19:40:37,315 Data received to client is not a message, decoding as pickle
2022-12-20 19:40:37,320 Data received to client is not a message, decoding as pickle
2022-12-20 19:40:37,332 Data received to client is not a message, decoding as pickle
2022-12-20 19:40:37,336 Data received to client is not a message, decoding as pickle
2022-12-20 19:40:37,347 Data received to client is not a message, decoding as pickle
2022-12-20 19:40:37,352 Data received to client is not a message, decoding as pickle
2022-12-20 19:40:37,364 Data received to client is not a message, decoding as pickle
2022-12-20 19:40:37,369 Data received to client is not a message, decoding as pickle
2022-12-20 19:40:37,385 Data received to client is not a message, decoding as pickle
2022-12-20 19:40:37,389 Data received to client is not a message, decoding as pickle
2022-12-20 19:40:37,397 Data received to client is not a message, decoding as pickle
2022-12-20 19:40:37,402 Data received to client is not a message, decoding as pickle
2022-12-20 19:40:37,413 Data received to client is not a message, decoding as pickle
2022-12-20 19:40:37,420 Data received to client is not a message, decoding as pickle
2022-12-20 19:40:37,430 Data received to client is not a message, decoding as pickle
2022-12-20 19:40:37,435 Data received to client is not a message, decoding as pickle
2022-12-20 19:40:37,446 Data received to client is not a message, decoding as pickle
2022-12-20 19:40:37,453 Data received to client is not a message, decoding as pickle
2022-12-20 19:40:37,462 Data received to client is not a message, decoding as pickle
2022-12-20 19:40:37,468 Data received to client is not a message, decoding as pickle
2022-12-20 19:40:37,478 Data received to client is not a message, decoding as pickle
2022-12-20 19:40:37,485 Data received to client is not a message, decoding as pickle
2022-12-20 19:40:37,496 Data received to client is not a message, decoding as pickle
2022-12-20 19:40:37,501 Data received to client is not a message, decoding as pickle
2022-12-20 19:40:37,511 Data received to client is not a message, decoding as pickle
2022-12-20 19:40:37,515 Data received to client is not a message, decoding as pickle
2022-12-20 19:40:37,529 Data received to client is not a message, decoding as pickle
2022-12-20 19:40:37,532 Data received to client is not a message, decoding as pickle
2022-12-20 19:40:37,546 Data received to client is not a message, decoding as pickle
2022-12-20 19:40:37,548 Data received to client is not a message, decoding as pickle
2022-12-20 19:40:37,562 Data received to client is not a message, decoding as pickle
2022-12-20 19:40:37,564 Data received to client is not a message, decoding as pickle
2022-12-20 19:40:37,579 Data received to client is not a message, decoding as pickle
2022-12-20 19:40:37,581 Data received to client is not a message, decoding as pickle
2022-12-20 19:40:37,596 Data received to client is not a message, decoding as pickle
2022-12-20 19:40:37,597 Data received to client is not a message, decoding as pickle
2022-12-20 19:40:37,612 Data received to client is not a message, decoding as pickle
2022-12-20 19:40:37,614 Data received to client is not a message, decoding as pickle
2022-12-20 19:40:37,630 Data received to client is not a message, decoding as pickle
2022-12-20 19:40:37,635 Data received to client is not a message, decoding as pickle
2022-12-20 19:40:37,647 Data received to client is not a message, decoding as pickle
2022-12-20 19:40:37,647 Data received to client is not a message, decoding as pickle
2022-12-20 19:40:37,663 Data received to client is not a message, decoding as pickle
2022-12-20 19:40:37,664 Data received to client is not a message, decoding as pickle
2022-12-20 19:40:37,682 Data received to client is not a message, decoding as pickle
2022-12-20 19:40:37,682 Data received to client is not a message, decoding as pickle
2022-12-20 19:40:37,696 Data received to client is not a message, decoding as pickle
2022-12-20 19:40:37,698 Data received to client is not a message, decoding as pickle
2022-12-20 19:40:37,713 Data received to client is not a message, decoding as pickle
2022-12-20 19:40:37,714 Data received to client is not a message, decoding as pickle
2022-12-20 19:40:37,731 Data received to client is not a message, decoding as pickle
2022-12-20 19:40:37,734 Data received to client is not a message, decoding as pickle
2022-12-20 19:40:37,746 Data received to client is not a message, decoding as pickle
2022-12-20 19:40:37,748 Data received to client is not a message, decoding as pickle
2022-12-20 19:40:37,763 Data received to client is not a message, decoding as pickle
2022-12-20 19:40:37,767 Data received to client is not a message, decoding as pickle
2022-12-20 19:40:37,780 Data received to client is not a message, decoding as pickle
2022-12-20 19:40:37,781 Data received to client is not a message, decoding as pickle
2022-12-20 19:40:37,796 Data received to client is not a message, decoding as pickle
2022-12-20 19:40:37,797 Data received to client is not a message, decoding as pickle
2022-12-20 19:40:37,813 Data received to client is not a message, decoding as pickle
2022-12-20 19:40:37,814 Data received to client is not a message, decoding as pickle
2022-12-20 19:40:37,834 Data received to client is not a message, decoding as pickle
2022-12-20 19:40:37,834 Data received to client is not a message, decoding as pickle
2022-12-20 19:40:37,850 Data received to client is not a message, decoding as pickle
2022-12-20 19:40:37,851 Data received to client is not a message, decoding as pickle
2022-12-20 19:40:37,869 Data received to client is not a message, decoding as pickle
2022-12-20 19:40:37,869 Data received to client is not a message, decoding as pickle
2022-12-20 19:40:37,887 Data received to client is not a message, decoding as pickle
2022-12-20 19:40:37,891 Data received to client is not a message, decoding as pickle
2022-12-20 19:40:37,902 Data received to client is not a message, decoding as pickle
2022-12-20 19:40:37,904 Data received to client is not a message, decoding as pickle
2022-12-20 19:40:37,918 Data received to client is not a message, decoding as pickle
2022-12-20 19:40:37,920 Data received to client is not a message, decoding as pickle
2022-12-20 19:40:37,934 Data received to client is not a message, decoding as pickle
2022-12-20 19:40:37,935 Data received to client is not a message, decoding as pickle
2022-12-20 19:40:37,949 Data received to client is not a message, decoding as pickle
2022-12-20 19:40:37,951 Data received to client is not a message, decoding as pickle
2022-12-20 19:40:37,965 Data received to client is not a message, decoding as pickle
2022-12-20 19:40:37,967 Data received to client is not a message, decoding as pickle
2022-12-20 19:40:37,984 Data received to client is not a message, decoding as pickle
2022-12-20 19:40:37,984 Data received to client is not a message, decoding as pickle
2022-12-20 19:40:37,998 Data received to client is not a message, decoding as pickle
2022-12-20 19:40:38,017 Data received to client is not a message, decoding as pickle
2022-12-20 19:40:38,018 Data received to client is not a message, decoding as pickle
2022-12-20 19:40:38,031 Data received to client is not a message, decoding as pickle
2022-12-20 19:40:38,034 Data received to client is not a message, decoding as pickle
2022-12-20 19:40:38,048 Data received to client is not a message, decoding as pickle
2022-12-20 19:40:38,065 Data received to client is not a message, decoding as pickle
2022-12-20 19:40:38,065 Data received to client is not a message, decoding as pickle
2022-12-20 19:40:38,081 Data received to client is not a message, decoding as pickle
2022-12-20 19:40:38,081 Data received to client is not a message, decoding as pickle
2022-12-20 19:40:38,097 Data received to client is not a message, decoding as pickle
2022-12-20 19:40:38,098 Data received to client is not a message, decoding as pickle
2022-12-20 19:40:38,114 Data received to client is not a message, decoding as pickle
2022-12-20 19:40:38,117 Data received to client is not a message, decoding as pickle
2022-12-20 19:40:38,131 Data received to client is not a message, decoding as pickle
2022-12-20 19:40:38,133 Data received to client is not a message, decoding as pickle
2022-12-20 19:40:38,147 Data received to client is not a message, decoding as pickle
2022-12-20 19:40:38,148 Data received to client is not a message, decoding as pickle
2022-12-20 19:40:38,164 Data received to client is not a message, decoding as pickle
2022-12-20 19:40:38,167 Data received to client is not a message, decoding as pickle
2022-12-20 19:40:38,180 Data received to client is not a message, decoding as pickle
2022-12-20 19:40:38,180 Data received to client is not a message, decoding as pickle
2022-12-20 19:40:38,198 Data received to client is not a message, decoding as pickle
2022-12-20 19:40:38,200 Data received to client is not a message, decoding as pickle
2022-12-20 19:40:38,219 Data received to client is not a message, decoding as pickle
2022-12-20 19:40:38,237 Data received to client is not a message, decoding as pickle
2022-12-20 19:40:38,252 Data received to client is not a message, decoding as pickle
2022-12-20 19:40:38,269 Data received to client is not a message, decoding as pickle
2022-12-20 19:40:38,283 Data received to client is not a message, decoding as pickle
2022-12-20 19:40:38,283 Data received to client is not a message, decoding as pickle
2022-12-20 19:40:38,297 Data received to client is not a message, decoding as pickle
2022-12-20 19:40:38,302 Data received to client is not a message, decoding as pickle
2022-12-20 19:40:38,317 Data received to client is not a message, decoding as pickle
2022-12-20 19:40:38,318 Data received to client is not a message, decoding as pickle
2022-12-20 19:40:38,331 Data received to client is not a message, decoding as pickle
2022-12-20 19:40:38,348 Data received to client is not a message, decoding as pickle
2022-12-20 19:40:38,348 Data received to client is not a message, decoding as pickle
2022-12-20 19:40:38,362 Data received to client is not a message, decoding as pickle
2022-12-20 19:40:38,364 Data received to client is not a message, decoding as pickle
2022-12-20 19:40:38,375 Data received to client is not a message, decoding as pickle
2022-12-20 19:40:38,380 Data received to client is not a message, decoding as pickle
2022-12-20 19:40:38,387 Data received to client is not a message, decoding as pickle
2022-12-20 19:40:38,397 Data received to client is not a message, decoding as pickle
2022-12-20 19:40:38,402 Data received to client is not a message, decoding as pickle
2022-12-20 19:40:38,417 Data received to client is not a message, decoding as pickle
2022-12-20 19:40:38,420 Data received to client is not a message, decoding as pickle
2022-12-20 19:40:38,431 Data received to client is not a message, decoding as pickle
2022-12-20 19:40:38,437 Data received to client is not a message, decoding as pickle
2022-12-20 19:40:38,448 Data received to client is not a message, decoding as pickle
2022-12-20 19:40:38,455 Data received to client is not a message, decoding as pickle
2022-12-20 19:40:38,467 Data received to client is not a message, decoding as pickle
2022-12-20 19:40:38,472 Data received to client is not a message, decoding as pickle
2022-12-20 19:40:38,481 Data received to client is not a message, decoding as pickle
2022-12-20 19:40:38,487 Data received to client is not a message, decoding as pickle
2022-12-20 19:40:38,496 Data received to client is not a message, decoding as pickle
2022-12-20 19:40:38,503 Data received to client is not a message, decoding as pickle
2022-12-20 19:40:38,513 Data received to client is not a message, decoding as pickle
2022-12-20 19:40:38,521 Data received to client is not a message, decoding as pickle
2022-12-20 19:40:38,530 Data received to client is not a message, decoding as pickle
2022-12-20 19:40:38,537 Data received to client is not a message, decoding as pickle
2022-12-20 19:40:38,548 Data received to client is not a message, decoding as pickle
2022-12-20 19:40:38,552 Data received to client is not a message, decoding as pickle
2022-12-20 19:40:38,563 Data received to client is not a message, decoding as pickle
2022-12-20 19:40:38,568 Data received to client is not a message, decoding as pickle
2022-12-20 19:40:38,580 Data received to client is not a message, decoding as pickle
2022-12-20 19:40:38,584 Data received to client is not a message, decoding as pickle
2022-12-20 19:40:38,596 Data received to client is not a message, decoding as pickle
2022-12-20 19:40:38,601 Data received to client is not a message, decoding as pickle
2022-12-20 19:40:38,613 Data received to client is not a message, decoding as pickle
2022-12-20 19:40:38,618 Data received to client is not a message, decoding as pickle
2022-12-20 19:40:38,630 Data received to client is not a message, decoding as pickle
2022-12-20 19:40:38,633 Data received to client is not a message, decoding as pickle
2022-12-20 19:40:38,646 Data received to client is not a message, decoding as pickle
2022-12-20 19:40:38,650 Data received to client is not a message, decoding as pickle
2022-12-20 19:40:38,663 Data received to client is not a message, decoding as pickle
2022-12-20 19:40:38,667 Data received to client is not a message, decoding as pickle
2022-12-20 19:40:38,680 Data received to client is not a message, decoding as pickle
2022-12-20 19:40:38,683 Data received to client is not a message, decoding as pickle
2022-12-20 19:40:38,697 Data received to client is not a message, decoding as pickle
2022-12-20 19:40:38,700 Data received to client is not a message, decoding as pickle
2022-12-20 19:40:38,716 Data received to client is not a message, decoding as pickle
2022-12-20 19:40:38,717 Data received to client is not a message, decoding as pickle
2022-12-20 19:40:38,732 Data received to client is not a message, decoding as pickle
2022-12-20 19:40:38,734 Data received to client is not a message, decoding as pickle
2022-12-20 19:40:38,751 Data received to client is not a message, decoding as pickle
2022-12-20 19:40:38,753 Data received to client is not a message, decoding as pickle
2022-12-20 19:40:38,765 Data received to client is not a message, decoding as pickle
2022-12-20 19:40:38,768 Data received to client is not a message, decoding as pickle
2022-12-20 19:40:38,781 Data received to client is not a message, decoding as pickle
2022-12-20 19:40:38,784 Data received to client is not a message, decoding as pickle
2022-12-20 19:40:38,802 Data received to client is not a message, decoding as pickle
2022-12-20 19:40:38,803 Data received to client is not a message, decoding as pickle
2022-12-20 19:40:38,814 Data received to client is not a message, decoding as pickle
2022-12-20 19:40:38,817 Data received to client is not a message, decoding as pickle
2022-12-20 19:40:38,833 Data received to client is not a message, decoding as pickle
2022-12-20 19:40:38,833 Data received to client is not a message, decoding as pickle
2022-12-20 19:40:38,850 Data received to client is not a message, decoding as pickle
2022-12-20 19:40:38,850 Data received to client is not a message, decoding as pickle
2022-12-20 19:40:38,864 Data received to client is not a message, decoding as pickle
2022-12-20 19:40:38,868 Data received to client is not a message, decoding as pickle
2022-12-20 19:40:38,881 Data received to client is not a message, decoding as pickle
2022-12-20 19:40:38,884 Data received to client is not a message, decoding as pickle
2022-12-20 19:40:38,898 Data received to client is not a message, decoding as pickle
2022-12-20 19:40:38,900 Data received to client is not a message, decoding as pickle
2022-12-20 19:40:38,917 Data received to client is not a message, decoding as pickle
2022-12-20 19:40:38,920 Data received to client is not a message, decoding as pickle
2022-12-20 19:40:38,931 Data received to client is not a message, decoding as pickle
2022-12-20 19:40:38,933 Data received to client is not a message, decoding as pickle
2022-12-20 19:40:38,947 Data received to client is not a message, decoding as pickle
2022-12-20 19:40:38,949 Data received to client is not a message, decoding as pickle
2022-12-20 19:40:38,967 Data received to client is not a message, decoding as pickle
2022-12-20 19:40:38,969 Data received to client is not a message, decoding as pickle
2022-12-20 19:40:38,980 Data received to client is not a message, decoding as pickle
2022-12-20 19:40:38,983 Data received to client is not a message, decoding as pickle
2022-12-20 19:40:39,000 Data received to client is not a message, decoding as pickle
2022-12-20 19:40:39,000 Data received to client is not a message, decoding as pickle
2022-12-20 19:40:39,016 Data received to client is not a message, decoding as pickle
2022-12-20 19:40:39,017 Data received to client is not a message, decoding as pickle
2022-12-20 19:40:39,033 Data received to client is not a message, decoding as pickle
2022-12-20 19:40:39,033 Data received to client is not a message, decoding as pickle
2022-12-20 19:40:39,048 Data received to client is not a message, decoding as pickle
2022-12-20 19:40:39,049 Data received to client is not a message, decoding as pickle
2022-12-20 19:40:39,064 Data received to client is not a message, decoding as pickle
2022-12-20 19:40:39,067 Data received to client is not a message, decoding as pickle
2022-12-20 19:40:39,083 Data received to client is not a message, decoding as pickle
2022-12-20 19:40:39,083 Data received to client is not a message, decoding as pickle
2022-12-20 19:40:39,100 Data received to client is not a message, decoding as pickle
2022-12-20 19:40:39,117 Data received to client is not a message, decoding as pickle
2022-12-20 19:40:39,119 Data received to client is not a message, decoding as pickle
2022-12-20 19:40:39,134 Data received to client is not a message, decoding as pickle
2022-12-20 19:40:39,138 Data received to client is not a message, decoding as pickle
2022-12-20 19:40:39,151 Data received to client is not a message, decoding as pickle
2022-12-20 19:40:39,152 Data received to client is not a message, decoding as pickle
2022-12-20 19:40:39,167 Data received to client is not a message, decoding as pickle
2022-12-20 19:40:39,168 Data received to client is not a message, decoding as pickle
2022-12-20 19:40:39,184 Data received to client is not a message, decoding as pickle
2022-12-20 19:40:39,185 Data received to client is not a message, decoding as pickle
2022-12-20 19:40:39,200 Data received to client is not a message, decoding as pickle
2022-12-20 19:40:39,201 Data received to client is not a message, decoding as pickle
2022-12-20 19:40:39,218 Data received to client is not a message, decoding as pickle
2022-12-20 19:40:39,219 Data received to client is not a message, decoding as pickle
2022-12-20 19:40:39,234 Data received to client is not a message, decoding as pickle
2022-12-20 19:40:39,235 Data received to client is not a message, decoding as pickle
2022-12-20 19:40:39,252 Data received to client is not a message, decoding as pickle
2022-12-20 19:40:39,252 Data received to client is not a message, decoding as pickle
2022-12-20 19:40:39,269 Data received to client is not a message, decoding as pickle
2022-12-20 19:40:39,269 Data received to client is not a message, decoding as pickle
2022-12-20 19:40:39,286 Data received to client is not a message, decoding as pickle
2022-12-20 19:40:39,287 Data received to client is not a message, decoding as pickle
2022-12-20 19:40:39,299 Data received to client is not a message, decoding as pickle
2022-12-20 19:40:39,302 Data received to client is not a message, decoding as pickle
2022-12-20 19:40:39,316 Data received to client is not a message, decoding as pickle
2022-12-20 19:40:39,317 Data received to client is not a message, decoding as pickle
2022-12-20 19:40:39,334 Data received to client is not a message, decoding as pickle
2022-12-20 19:40:39,335 Data received to client is not a message, decoding as pickle
2022-12-20 19:40:39,351 Data received to client is not a message, decoding as pickle
2022-12-20 19:40:39,366 Data received to client is not a message, decoding as pickle
2022-12-20 19:40:39,367 Data received to client is not a message, decoding as pickle
2022-12-20 19:40:39,383 Data received to client is not a message, decoding as pickle
2022-12-20 19:40:39,383 Data received to client is not a message, decoding as pickle
2022-12-20 19:40:39,399 Data received to client is not a message, decoding as pickle
2022-12-20 19:40:39,401 Data received to client is not a message, decoding as pickle
2022-12-20 19:40:39,416 Data received to client is not a message, decoding as pickle
2022-12-20 19:40:39,417 Data received to client is not a message, decoding as pickle
2022-12-20 19:40:39,434 Data received to client is not a message, decoding as pickle
2022-12-20 19:40:39,435 Data received to client is not a message, decoding as pickle
2022-12-20 19:40:39,452 Data received to client is not a message, decoding as pickle
2022-12-20 19:40:39,453 Data received to client is not a message, decoding as pickle
2022-12-20 19:40:39,473 Data received to client is not a message, decoding as pickle
2022-12-20 19:40:39,507 Data received to client is not a message, decoding as pickle
2022-12-20 19:40:39,538 Data received to client is not a message, decoding as pickle
2022-12-20 19:40:39,546 Data received to client is not a message, decoding as pickle
2022-12-20 19:40:39,556 Data received to client is not a message, decoding as pickle
2022-12-20 19:40:39,566 Data received to client is not a message, decoding as pickle
2022-12-20 19:40:39,571 Data received to client is not a message, decoding as pickle
2022-12-20 19:40:39,583 Data received to client is not a message, decoding as pickle
2022-12-20 19:40:39,588 Data received to client is not a message, decoding as pickle
2022-12-20 19:40:39,606 Data received to client is not a message, decoding as pickle
2022-12-20 19:40:39,616 Data received to client is not a message, decoding as pickle
2022-12-20 19:40:39,622 Data received to client is not a message, decoding as pickle
2022-12-20 19:40:39,630 Data received to client is not a message, decoding as pickle
2022-12-20 19:40:39,639 Data received to client is not a message, decoding as pickle
2022-12-20 19:40:39,648 Data received to client is not a message, decoding as pickle
2022-12-20 19:40:39,657 Data received to client is not a message, decoding as pickle
2022-12-20 19:40:39,666 Data received to client is not a message, decoding as pickle
2022-12-20 19:40:39,674 Data received to client is not a message, decoding as pickle
2022-12-20 19:40:39,683 Data received to client is not a message, decoding as pickle
2022-12-20 19:40:39,691 Data received to client is not a message, decoding as pickle
2022-12-20 19:40:39,700 Data received to client is not a message, decoding as pickle
2022-12-20 19:40:39,707 Data received to client is not a message, decoding as pickle
2022-12-20 19:40:39,716 Data received to client is not a message, decoding as pickle
2022-12-20 19:40:39,723 Data received to client is not a message, decoding as pickle
2022-12-20 19:40:39,731 Data received to client is not a message, decoding as pickle
2022-12-20 19:40:39,741 Data received to client is not a message, decoding as pickle
2022-12-20 19:40:39,747 Data received to client is not a message, decoding as pickle
2022-12-20 19:40:39,756 Data received to client is not a message, decoding as pickle
2022-12-20 19:40:39,765 Data received to client is not a message, decoding as pickle
2022-12-20 19:40:39,773 Data received to client is not a message, decoding as pickle
2022-12-20 19:40:39,783 Data received to client is not a message, decoding as pickle
2022-12-20 19:40:39,792 Data received to client is not a message, decoding as pickle
2022-12-20 19:40:39,803 Data received to client is not a message, decoding as pickle
2022-12-20 19:40:39,811 Data received to client is not a message, decoding as pickle
2022-12-20 19:40:39,823 Data received to client is not a message, decoding as pickle
2022-12-20 19:40:39,836 Data received to client is not a message, decoding as pickle
2022-12-20 19:40:39,850 Data received to client is not a message, decoding as pickle
2022-12-20 19:40:39,853 Data received to client is not a message, decoding as pickle
2022-12-20 19:40:39,866 Data received to client is not a message, decoding as pickle
2022-12-20 19:40:39,875 Data received to client is not a message, decoding as pickle
2022-12-20 19:40:39,891 Data received to client is not a message, decoding as pickle
2022-12-20 19:40:39,904 Data received to client is not a message, decoding as pickle
2022-12-20 19:40:48,982 Connection error to server, did you disconnect?
2022-12-20 19:41:13,472 Connection error to server, did you disconnect?
2022-12-20 19:47:12,404 Server has started
2022-12-20 19:47:19,913 Succesfully connected to server.
2022-12-20 19:47:19,914 Received client_id from server: 1
2022-12-20 19:47:19,916 Thread has been started on server for new connection
2022-12-20 19:47:25,005 Client has disconnected, removing them from server.
2022-12-20 19:48:23,433 Succesfully connected to server.
2022-12-20 19:48:23,434 New connection to server
2022-12-20 19:48:23,435 Received client_id from server: 2
2022-12-20 19:48:23,435 Thread has been started on server for new connection
2022-12-20 19:48:31,522 Client has disconnected, removing them from server.
2022-12-20 19:50:27,550 Server has started
2022-12-20 19:50:34,132 Succesfully connected to server.
2022-12-20 19:50:34,132 New connection to server
2022-12-20 19:50:34,133 Received client_id from server: 1
2022-12-20 19:50:34,134 Thread has been started on server for new connection
2022-12-20 19:50:51,074 Succesfully connected to server.
2022-12-20 19:50:51,074 New connection to server
2022-12-20 19:50:51,075 Received client_id from server: 2
2022-12-20 19:50:51,076 Thread has been started on server for new connection
2022-12-20 19:50:55,552 Connection error to server, did you disconnect?
2022-12-20 19:51:02,045 Connection error to server, did you disconnect?
2022-12-20 19:52:47,650 Server has started
2022-12-20 19:52:56,758 Succesfully connected to server.
2022-12-20 19:52:56,758 New connection to server
2022-12-20 19:52:56,759 Received client_id from server: 1
2022-12-20 19:52:56,760 Thread has been started on server for new connection
2022-12-20 19:53:13,661 Succesfully connected to server.
2022-12-20 19:53:13,661 New connection to server
2022-12-20 19:53:13,662 Received client_id from server: 2
2022-12-20 19:53:13,662 Thread has been started on server for new connection
2022-12-20 19:53:13,677 Data received to client is not a message, decoding as pickle
2022-12-20 19:53:13,680 Data received to client is not a message, decoding as pickle
2022-12-20 19:53:13,685 Data received to client is not a message, decoding as pickle
2022-12-20 19:53:13,687 2 does not have a surface.
2022-12-20 19:53:13,690 1 does not have a surface.
2022-12-20 19:53:13,698 Data received to client is not a message, decoding as pickle
2022-12-20 19:53:13,700 Data received to client is not a message, decoding as pickle
2022-12-20 19:53:13,715 Data received to client is not a message, decoding as pickle
2022-12-20 19:53:13,720 Data received to client is not a message, decoding as pickle
2022-12-20 19:53:13,730 Data received to client is not a message, decoding as pickle
2022-12-20 19:53:13,734 Data received to client is not a message, decoding as pickle
2022-12-20 19:53:13,746 Data received to client is not a message, decoding as pickle
2022-12-20 19:53:13,751 Data received to client is not a message, decoding as pickle
2022-12-20 19:53:13,764 Data received to client is not a message, decoding as pickle
2022-12-20 19:53:13,769 Data received to client is not a message, decoding as pickle
2022-12-20 19:53:13,781 Data received to client is not a message, decoding as pickle
2022-12-20 19:53:13,786 Data received to client is not a message, decoding as pickle
2022-12-20 19:53:13,796 Data received to client is not a message, decoding as pickle
2022-12-20 19:53:13,802 Data received to client is not a message, decoding as pickle
2022-12-20 19:53:13,812 Data received to client is not a message, decoding as pickle
2022-12-20 19:53:13,819 Data received to client is not a message, decoding as pickle
2022-12-20 19:53:13,830 Data received to client is not a message, decoding as pickle
2022-12-20 19:53:13,836 Data received to client is not a message, decoding as pickle
2022-12-20 19:53:13,848 Data received to client is not a message, decoding as pickle
2022-12-20 19:53:13,853 Data received to client is not a message, decoding as pickle
2022-12-20 19:53:13,865 Data received to client is not a message, decoding as pickle
2022-12-20 19:53:13,870 Data received to client is not a message, decoding as pickle
2022-12-20 19:53:13,883 Data received to client is not a message, decoding as pickle
2022-12-20 19:53:13,887 Data received to client is not a message, decoding as pickle
2022-12-20 19:53:13,901 Data received to client is not a message, decoding as pickle
2022-12-20 19:53:13,908 Data received to client is not a message, decoding as pickle
2022-12-20 19:53:13,924 Data received to client is not a message, decoding as pickle
2022-12-20 19:53:13,945 Data received to client is not a message, decoding as pickle
2022-12-20 19:53:13,949 Data received to client is not a message, decoding as pickle
2022-12-20 19:53:13,958 Data received to client is not a message, decoding as pickle
2022-12-20 19:53:13,975 Data received to client is not a message, decoding as pickle
2022-12-20 19:53:13,976 Data received to client is not a message, decoding as pickle
2022-12-20 19:53:13,987 Data received to client is not a message, decoding as pickle
2022-12-20 19:53:13,992 Data received to client is not a message, decoding as pickle
2022-12-20 19:53:14,003 Data received to client is not a message, decoding as pickle
2022-12-20 19:53:14,009 Data received to client is not a message, decoding as pickle
2022-12-20 19:53:14,020 Data received to client is not a message, decoding as pickle
2022-12-20 19:53:14,026 Data received to client is not a message, decoding as pickle
2022-12-20 19:53:14,033 Data received to client is not a message, decoding as pickle
2022-12-20 19:53:14,043 Data received to client is not a message, decoding as pickle
2022-12-20 19:53:14,047 Data received to client is not a message, decoding as pickle
2022-12-20 19:53:14,060 Data received to client is not a message, decoding as pickle
2022-12-20 19:53:14,061 Data received to client is not a message, decoding as pickle
2022-12-20 19:53:14,075 Data received to client is not a message, decoding as pickle
2022-12-20 19:53:14,077 Data received to client is not a message, decoding as pickle
2022-12-20 19:53:14,092 Data received to client is not a message, decoding as pickle
2022-12-20 19:53:14,093 Data received to client is not a message, decoding as pickle
2022-12-20 19:53:14,110 Data received to client is not a message, decoding as pickle
2022-12-20 19:53:14,111 Data received to client is not a message, decoding as pickle
2022-12-20 19:53:14,125 Data received to client is not a message, decoding as pickle
2022-12-20 19:53:14,127 Data received to client is not a message, decoding as pickle
2022-12-20 19:53:14,143 Data received to client is not a message, decoding as pickle
2022-12-20 19:53:14,144 Data received to client is not a message, decoding as pickle
2022-12-20 19:53:14,160 Data received to client is not a message, decoding as pickle
2022-12-20 19:53:14,162 Data received to client is not a message, decoding as pickle
2022-12-20 19:53:14,176 Data received to client is not a message, decoding as pickle
2022-12-20 19:53:14,179 Data received to client is not a message, decoding as pickle
2022-12-20 19:53:14,193 Data received to client is not a message, decoding as pickle
2022-12-20 19:53:14,195 Data received to client is not a message, decoding as pickle
2022-12-20 19:53:14,212 Data received to client is not a message, decoding as pickle
2022-12-20 19:53:14,212 Data received to client is not a message, decoding as pickle
2022-12-20 19:53:14,229 Data received to client is not a message, decoding as pickle
2022-12-20 19:53:14,233 Data received to client is not a message, decoding as pickle
2022-12-20 19:53:14,244 Data received to client is not a message, decoding as pickle
2022-12-20 19:53:14,249 Data received to client is not a message, decoding as pickle
2022-12-20 19:53:14,262 Data received to client is not a message, decoding as pickle
2022-12-20 19:53:14,264 Data received to client is not a message, decoding as pickle
2022-12-20 19:53:14,278 Data received to client is not a message, decoding as pickle
2022-12-20 19:53:14,281 Data received to client is not a message, decoding as pickle
2022-12-20 19:53:14,295 Data received to client is not a message, decoding as pickle
2022-12-20 19:53:14,298 Data received to client is not a message, decoding as pickle
2022-12-20 19:53:14,313 Data received to client is not a message, decoding as pickle
2022-12-20 19:53:14,316 Data received to client is not a message, decoding as pickle
2022-12-20 19:53:14,328 Data received to client is not a message, decoding as pickle
2022-12-20 19:53:14,332 Data received to client is not a message, decoding as pickle
2022-12-20 19:53:14,345 Data received to client is not a message, decoding as pickle
2022-12-20 19:53:14,349 Data received to client is not a message, decoding as pickle
2022-12-20 19:53:14,363 Data received to client is not a message, decoding as pickle
2022-12-20 19:53:14,366 Data received to client is not a message, decoding as pickle
2022-12-20 19:53:14,380 Data received to client is not a message, decoding as pickle
2022-12-20 19:53:14,382 Data received to client is not a message, decoding as pickle
2022-12-20 19:53:14,395 Data received to client is not a message, decoding as pickle
2022-12-20 19:53:14,401 Data received to client is not a message, decoding as pickle
2022-12-20 19:53:14,414 Data received to client is not a message, decoding as pickle
2022-12-20 19:53:14,423 Data received to client is not a message, decoding as pickle
2022-12-20 19:53:14,430 Data received to client is not a message, decoding as pickle
2022-12-20 19:53:14,440 Data received to client is not a message, decoding as pickle
2022-12-20 19:53:14,447 Data received to client is not a message, decoding as pickle
2022-12-20 19:53:14,455 Data received to client is not a message, decoding as pickle
2022-12-20 19:53:14,464 Data received to client is not a message, decoding as pickle
2022-12-20 19:53:14,471 Data received to client is not a message, decoding as pickle
2022-12-20 19:53:14,480 Data received to client is not a message, decoding as pickle
2022-12-20 19:53:14,487 Data received to client is not a message, decoding as pickle
2022-12-20 19:53:14,497 Data received to client is not a message, decoding as pickle
2022-12-20 19:53:14,510 Data received to client is not a message, decoding as pickle
2022-12-20 19:53:14,526 Data received to client is not a message, decoding as pickle
2022-12-20 19:53:14,543 Data received to client is not a message, decoding as pickle
2022-12-20 19:53:14,550 Data received to client is not a message, decoding as pickle
2022-12-20 19:53:14,560 Data received to client is not a message, decoding as pickle
2022-12-20 19:53:14,567 Data received to client is not a message, decoding as pickle
2022-12-20 19:53:14,604 Data received to client is not a message, decoding as pickle
2022-12-20 19:53:14,604 Data received to client is not a message, decoding as pickle
2022-12-20 19:53:14,622 Data received to client is not a message, decoding as pickle
2022-12-20 19:53:14,641 Data received to client is not a message, decoding as pickle
2022-12-20 19:53:14,658 Data received to client is not a message, decoding as pickle
2022-12-20 19:53:14,682 Data received to client is not a message, decoding as pickle
2022-12-20 19:53:14,700 Data received to client is not a message, decoding as pickle
2022-12-20 19:53:14,716 Data received to client is not a message, decoding as pickle
2022-12-20 19:53:14,732 Data received to client is not a message, decoding as pickle
2022-12-20 19:53:14,749 Data received to client is not a message, decoding as pickle
2022-12-20 19:53:14,764 Data received to client is not a message, decoding as pickle
2022-12-20 19:53:14,780 Data received to client is not a message, decoding as pickle
2022-12-20 19:53:14,797 Data received to client is not a message, decoding as pickle
2022-12-20 19:53:14,814 Data received to client is not a message, decoding as pickle
2022-12-20 19:53:14,830 Data received to client is not a message, decoding as pickle
2022-12-20 19:53:14,849 Data received to client is not a message, decoding as pickle
2022-12-20 19:53:14,864 Data received to client is not a message, decoding as pickle
2022-12-20 19:53:14,882 Data received to client is not a message, decoding as pickle
2022-12-20 19:53:14,899 Data received to client is not a message, decoding as pickle
2022-12-20 19:53:14,916 Data received to client is not a message, decoding as pickle
2022-12-20 19:53:14,932 Data received to client is not a message, decoding as pickle
2022-12-20 19:53:14,949 Data received to client is not a message, decoding as pickle
2022-12-20 19:53:14,966 Data received to client is not a message, decoding as pickle
2022-12-20 19:53:14,983 Data received to client is not a message, decoding as pickle
2022-12-20 19:53:14,999 Data received to client is not a message, decoding as pickle
2022-12-20 19:53:15,016 Data received to client is not a message, decoding as pickle
2022-12-20 19:53:15,034 Data received to client is not a message, decoding as pickle
2022-12-20 19:53:15,050 Data received to client is not a message, decoding as pickle
2022-12-20 19:53:15,066 Data received to client is not a message, decoding as pickle
2022-12-20 19:53:15,083 Data received to client is not a message, decoding as pickle
2022-12-20 19:53:15,100 Data received to client is not a message, decoding as pickle
2022-12-20 19:53:15,117 Data received to client is not a message, decoding as pickle
2022-12-20 19:53:15,136 Data received to client is not a message, decoding as pickle
2022-12-20 19:53:15,153 Data received to client is not a message, decoding as pickle
2022-12-20 19:53:15,168 Data received to client is not a message, decoding as pickle
2022-12-20 19:53:15,184 Data received to client is not a message, decoding as pickle
2022-12-20 19:53:15,201 Data received to client is not a message, decoding as pickle
2022-12-20 19:53:15,218 Data received to client is not a message, decoding as pickle
2022-12-20 19:53:15,236 Data received to client is not a message, decoding as pickle
2022-12-20 19:53:15,252 Data received to client is not a message, decoding as pickle
2022-12-20 19:53:15,269 Data received to client is not a message, decoding as pickle
2022-12-20 19:53:15,286 Data received to client is not a message, decoding as pickle
2022-12-20 19:53:15,303 Data received to client is not a message, decoding as pickle
2022-12-20 19:53:15,321 Data received to client is not a message, decoding as pickle
2022-12-20 19:53:15,339 Data received to client is not a message, decoding as pickle
2022-12-20 19:53:15,353 Data received to client is not a message, decoding as pickle
2022-12-20 19:53:15,370 Data received to client is not a message, decoding as pickle
2022-12-20 19:53:15,389 Data received to client is not a message, decoding as pickle
2022-12-20 19:53:15,404 Data received to client is not a message, decoding as pickle
2022-12-20 19:53:15,424 Data received to client is not a message, decoding as pickle
2022-12-20 19:53:15,439 Data received to client is not a message, decoding as pickle
2022-12-20 19:53:15,458 Data received to client is not a message, decoding as pickle
2022-12-20 19:53:15,474 Data received to client is not a message, decoding as pickle
2022-12-20 19:53:15,490 Data received to client is not a message, decoding as pickle
2022-12-20 19:53:15,506 Data received to client is not a message, decoding as pickle
2022-12-20 19:53:15,524 Data received to client is not a message, decoding as pickle
2022-12-20 19:53:15,541 Data received to client is not a message, decoding as pickle
2022-12-20 19:53:15,557 Data received to client is not a message, decoding as pickle
2022-12-20 19:53:15,576 Data received to client is not a message, decoding as pickle
2022-12-20 19:53:15,591 Data received to client is not a message, decoding as pickle
2022-12-20 19:53:15,608 Data received to client is not a message, decoding as pickle
2022-12-20 19:53:15,626 Data received to client is not a message, decoding as pickle
2022-12-20 19:53:15,643 Data received to client is not a message, decoding as pickle
2022-12-20 19:53:15,660 Data received to client is not a message, decoding as pickle
2022-12-20 19:53:15,677 Data received to client is not a message, decoding as pickle
2022-12-20 19:53:15,694 Data received to client is not a message, decoding as pickle
2022-12-20 19:53:15,710 Data received to client is not a message, decoding as pickle
2022-12-20 19:53:15,727 Data received to client is not a message, decoding as pickle
2022-12-20 19:53:15,744 Data received to client is not a message, decoding as pickle
2022-12-20 19:53:15,761 Data received to client is not a message, decoding as pickle
2022-12-20 19:53:15,778 Data received to client is not a message, decoding as pickle
2022-12-20 19:53:15,795 Data received to client is not a message, decoding as pickle
2022-12-20 19:53:15,813 Data received to client is not a message, decoding as pickle
2022-12-20 19:53:15,829 Data received to client is not a message, decoding as pickle
2022-12-20 19:53:15,847 Data received to client is not a message, decoding as pickle
2022-12-20 19:53:15,864 Data received to client is not a message, decoding as pickle
2022-12-20 19:53:15,881 Data received to client is not a message, decoding as pickle
2022-12-20 19:53:15,898 Data received to client is not a message, decoding as pickle
2022-12-20 19:53:15,916 Data received to client is not a message, decoding as pickle
2022-12-20 19:53:15,934 Data received to client is not a message, decoding as pickle
2022-12-20 19:53:15,949 Data received to client is not a message, decoding as pickle
2022-12-20 19:53:15,966 Data received to client is not a message, decoding as pickle
2022-12-20 19:53:15,983 Data received to client is not a message, decoding as pickle
2022-12-20 19:53:16,000 Data received to client is not a message, decoding as pickle
2022-12-20 19:53:16,018 Data received to client is not a message, decoding as pickle
2022-12-20 19:53:16,035 Data received to client is not a message, decoding as pickle
2022-12-20 19:53:16,051 Data received to client is not a message, decoding as pickle
2022-12-20 19:53:16,067 Data received to client is not a message, decoding as pickle
2022-12-20 19:53:16,085 Data received to client is not a message, decoding as pickle
2022-12-20 19:53:16,101 Data received to client is not a message, decoding as pickle
2022-12-20 19:53:16,118 Data received to client is not a message, decoding as pickle
2022-12-20 19:53:16,135 Data received to client is not a message, decoding as pickle
2022-12-20 19:53:16,152 Data received to client is not a message, decoding as pickle
2022-12-20 19:53:16,168 Data received to client is not a message, decoding as pickle
2022-12-20 19:53:16,186 Data received to client is not a message, decoding as pickle
2022-12-20 19:53:16,203 Data received to client is not a message, decoding as pickle
2022-12-20 19:53:16,221 Data received to client is not a message, decoding as pickle
2022-12-20 19:53:16,237 Data received to client is not a message, decoding as pickle
2022-12-20 19:53:16,254 Data received to client is not a message, decoding as pickle
2022-12-20 19:53:16,272 Data received to client is not a message, decoding as pickle
2022-12-20 19:53:16,297 Data received to client is not a message, decoding as pickle
2022-12-20 19:53:16,308 Data received to client is not a message, decoding as pickle
2022-12-20 19:53:16,326 Data received to client is not a message, decoding as pickle
2022-12-20 19:53:16,342 Data received to client is not a message, decoding as pickle
2022-12-20 19:53:16,360 Data received to client is not a message, decoding as pickle
2022-12-20 19:53:16,375 Data received to client is not a message, decoding as pickle
2022-12-20 19:53:16,393 Data received to client is not a message, decoding as pickle
2022-12-20 19:53:16,409 Data received to client is not a message, decoding as pickle
2022-12-20 19:53:16,426 Data received to client is not a message, decoding as pickle
2022-12-20 19:53:16,442 Data received to client is not a message, decoding as pickle
2022-12-20 19:53:16,459 Data received to client is not a message, decoding as pickle
2022-12-20 19:53:16,478 Data received to client is not a message, decoding as pickle
2022-12-20 19:53:16,493 Data received to client is not a message, decoding as pickle
2022-12-20 19:53:16,510 Data received to client is not a message, decoding as pickle
2022-12-20 19:53:16,528 Data received to client is not a message, decoding as pickle
2022-12-20 19:53:16,544 Data received to client is not a message, decoding as pickle
2022-12-20 19:53:16,561 Data received to client is not a message, decoding as pickle
2022-12-20 19:53:16,579 Data received to client is not a message, decoding as pickle
2022-12-20 19:53:16,595 Data received to client is not a message, decoding as pickle
2022-12-20 19:53:16,614 Data received to client is not a message, decoding as pickle
2022-12-20 19:53:16,630 Data received to client is not a message, decoding as pickle
2022-12-20 19:53:16,646 Data received to client is not a message, decoding as pickle
2022-12-20 19:53:16,664 Data received to client is not a message, decoding as pickle
2022-12-20 19:53:16,682 Data received to client is not a message, decoding as pickle
2022-12-20 19:53:16,698 Data received to client is not a message, decoding as pickle
2022-12-20 19:53:16,717 Data received to client is not a message, decoding as pickle
2022-12-20 19:53:16,734 Data received to client is not a message, decoding as pickle
2022-12-20 19:53:16,750 Data received to client is not a message, decoding as pickle
2022-12-20 19:53:16,772 Data received to client is not a message, decoding as pickle
2022-12-20 19:53:16,785 Data received to client is not a message, decoding as pickle
2022-12-20 19:53:16,803 Data received to client is not a message, decoding as pickle
2022-12-20 19:53:16,819 Data received to client is not a message, decoding as pickle
2022-12-20 19:53:16,836 Data received to client is not a message, decoding as pickle
2022-12-20 19:53:16,852 Data received to client is not a message, decoding as pickle
2022-12-20 19:53:16,872 Data received to client is not a message, decoding as pickle
2022-12-20 19:53:16,886 Data received to client is not a message, decoding as pickle
2022-12-20 19:53:16,906 Data received to client is not a message, decoding as pickle
2022-12-20 19:53:16,923 Data received to client is not a message, decoding as pickle
2022-12-20 19:53:16,939 Data received to client is not a message, decoding as pickle
2022-12-20 19:53:16,958 Data received to client is not a message, decoding as pickle
2022-12-20 19:53:16,976 Data received to client is not a message, decoding as pickle
2022-12-20 19:53:16,993 Data received to client is not a message, decoding as pickle
2022-12-20 19:53:17,006 Data received to client is not a message, decoding as pickle
2022-12-20 19:53:17,026 Data received to client is not a message, decoding as pickle
2022-12-20 19:53:17,040 Data received to client is not a message, decoding as pickle
2022-12-20 19:53:17,058 Data received to client is not a message, decoding as pickle
2022-12-20 19:53:17,076 Data received to client is not a message, decoding as pickle
2022-12-20 19:53:17,091 Data received to client is not a message, decoding as pickle
2022-12-20 19:53:17,109 Data received to client is not a message, decoding as pickle
2022-12-20 19:53:17,126 Data received to client is not a message, decoding as pickle
2022-12-20 19:53:17,142 Data received to client is not a message, decoding as pickle
2022-12-20 19:53:17,160 Data received to client is not a message, decoding as pickle
2022-12-20 19:53:17,177 Data received to client is not a message, decoding as pickle
2022-12-20 19:53:17,193 Data received to client is not a message, decoding as pickle
2022-12-20 19:53:17,210 Data received to client is not a message, decoding as pickle
2022-12-20 19:53:17,230 Data received to client is not a message, decoding as pickle
2022-12-20 19:53:17,247 Data received to client is not a message, decoding as pickle
2022-12-20 19:53:17,263 Data received to client is not a message, decoding as pickle
2022-12-20 19:53:17,280 Data received to client is not a message, decoding as pickle
2022-12-20 19:53:17,297 Data received to client is not a message, decoding as pickle
2022-12-20 19:53:17,314 Data received to client is not a message, decoding as pickle
2022-12-20 19:53:17,334 Data received to client is not a message, decoding as pickle
2022-12-20 19:53:17,351 Data received to client is not a message, decoding as pickle
2022-12-20 19:53:17,369 Data received to client is not a message, decoding as pickle
2022-12-20 19:53:17,388 Data received to client is not a message, decoding as pickle
2022-12-20 19:53:17,405 Data received to client is not a message, decoding as pickle
2022-12-20 19:53:17,422 Data received to client is not a message, decoding as pickle
2022-12-20 19:53:17,439 Data received to client is not a message, decoding as pickle
2022-12-20 19:53:17,455 Data received to client is not a message, decoding as pickle
2022-12-20 19:53:17,473 Data received to client is not a message, decoding as pickle
2022-12-20 19:53:17,489 Data received to client is not a message, decoding as pickle
2022-12-20 19:53:17,505 Data received to client is not a message, decoding as pickle
2022-12-20 19:53:17,524 Data received to client is not a message, decoding as pickle
2022-12-20 19:53:17,541 Data received to client is not a message, decoding as pickle
2022-12-20 19:53:17,557 Data received to client is not a message, decoding as pickle
2022-12-20 19:53:17,579 Data received to client is not a message, decoding as pickle
2022-12-20 19:53:17,593 Data received to client is not a message, decoding as pickle
2022-12-20 19:53:17,609 Data received to client is not a message, decoding as pickle
2022-12-20 19:53:17,627 Data received to client is not a message, decoding as pickle
2022-12-20 19:53:17,641 Data received to client is not a message, decoding as pickle
2022-12-20 19:53:17,660 Data received to client is not a message, decoding as pickle
2022-12-20 19:53:17,677 Data received to client is not a message, decoding as pickle
2022-12-20 19:53:17,694 Data received to client is not a message, decoding as pickle
2022-12-20 19:53:17,712 Data received to client is not a message, decoding as pickle
2022-12-20 19:53:17,731 Data received to client is not a message, decoding as pickle
2022-12-20 19:53:17,745 Data received to client is not a message, decoding as pickle
2022-12-20 19:53:17,763 Data received to client is not a message, decoding as pickle
2022-12-20 19:53:17,779 Data received to client is not a message, decoding as pickle
2022-12-20 19:53:17,798 Data received to client is not a message, decoding as pickle
2022-12-20 19:53:17,813 Data received to client is not a message, decoding as pickle
2022-12-20 19:53:17,834 Data received to client is not a message, decoding as pickle
2022-12-20 19:53:17,855 Data received to client is not a message, decoding as pickle
2022-12-20 19:53:17,871 Data received to client is not a message, decoding as pickle
2022-12-20 19:53:17,891 Data received to client is not a message, decoding as pickle
2022-12-20 19:53:17,906 Data received to client is not a message, decoding as pickle
2022-12-20 19:53:17,924 Data received to client is not a message, decoding as pickle
2022-12-20 19:53:17,940 Data received to client is not a message, decoding as pickle
2022-12-20 19:53:17,956 Data received to client is not a message, decoding as pickle
2022-12-20 19:53:17,975 Data received to client is not a message, decoding as pickle
2022-12-20 19:53:17,990 Data received to client is not a message, decoding as pickle
2022-12-20 19:53:18,007 Data received to client is not a message, decoding as pickle
2022-12-20 19:53:18,026 Data received to client is not a message, decoding as pickle
2022-12-20 19:53:18,041 Data received to client is not a message, decoding as pickle
2022-12-20 19:53:18,058 Data received to client is not a message, decoding as pickle
2022-12-20 19:53:18,076 Data received to client is not a message, decoding as pickle
2022-12-20 19:53:18,092 Data received to client is not a message, decoding as pickle
2022-12-20 19:53:18,110 Data received to client is not a message, decoding as pickle
2022-12-20 19:53:18,131 Data received to client is not a message, decoding as pickle
2022-12-20 19:53:18,144 Data received to client is not a message, decoding as pickle
2022-12-20 19:53:18,160 Data received to client is not a message, decoding as pickle
2022-12-20 19:53:18,179 Data received to client is not a message, decoding as pickle
2022-12-20 19:53:18,197 Data received to client is not a message, decoding as pickle
2022-12-20 19:53:18,213 Data received to client is not a message, decoding as pickle
2022-12-20 19:53:18,233 Data received to client is not a message, decoding as pickle
2022-12-20 19:53:18,251 Data received to client is not a message, decoding as pickle
2022-12-20 19:53:18,271 Data received to client is not a message, decoding as pickle
2022-12-20 19:53:18,283 Data received to client is not a message, decoding as pickle
2022-12-20 19:53:18,306 Data received to client is not a message, decoding as pickle
2022-12-20 19:53:18,321 Data received to client is not a message, decoding as pickle
2022-12-20 19:53:18,334 Data received to client is not a message, decoding as pickle
2022-12-20 19:53:18,350 Data received to client is not a message, decoding as pickle
2022-12-20 19:53:18,370 Data received to client is not a message, decoding as pickle
2022-12-20 19:53:18,384 Data received to client is not a message, decoding as pickle
2022-12-20 19:53:18,400 Data received to client is not a message, decoding as pickle
2022-12-20 19:53:18,422 Data received to client is not a message, decoding as pickle
2022-12-20 19:53:18,436 Data received to client is not a message, decoding as pickle
2022-12-20 19:53:18,452 Data received to client is not a message, decoding as pickle
2022-12-20 19:53:18,471 Data received to client is not a message, decoding as pickle
2022-12-20 19:53:18,485 Data received to client is not a message, decoding as pickle
2022-12-20 19:53:18,502 Data received to client is not a message, decoding as pickle
2022-12-20 19:53:18,520 Data received to client is not a message, decoding as pickle
2022-12-20 19:53:18,537 Data received to client is not a message, decoding as pickle
2022-12-20 19:53:18,553 Data received to client is not a message, decoding as pickle
2022-12-20 19:53:18,572 Data received to client is not a message, decoding as pickle
2022-12-20 19:53:18,588 Data received to client is not a message, decoding as pickle
2022-12-20 19:53:18,605 Data received to client is not a message, decoding as pickle
2022-12-20 19:53:18,622 Data received to client is not a message, decoding as pickle
2022-12-20 19:53:18,638 Data received to client is not a message, decoding as pickle
2022-12-20 19:53:18,654 Data received to client is not a message, decoding as pickle
2022-12-20 19:53:18,674 Data received to client is not a message, decoding as pickle
2022-12-20 19:53:18,688 Data received to client is not a message, decoding as pickle
2022-12-20 19:53:18,706 Data received to client is not a message, decoding as pickle
2022-12-20 19:53:18,723 Data received to client is not a message, decoding as pickle
2022-12-20 19:53:18,742 Data received to client is not a message, decoding as pickle
2022-12-20 19:53:18,758 Data received to client is not a message, decoding as pickle
2022-12-20 19:53:18,774 Data received to client is not a message, decoding as pickle
2022-12-20 19:53:18,789 Data received to client is not a message, decoding as pickle
2022-12-20 19:53:18,806 Data received to client is not a message, decoding as pickle
2022-12-20 19:53:18,824 Data received to client is not a message, decoding as pickle
2022-12-20 19:53:18,840 Data received to client is not a message, decoding as pickle
2022-12-20 19:53:18,858 Data received to client is not a message, decoding as pickle
2022-12-20 19:53:18,876 Data received to client is not a message, decoding as pickle
2022-12-20 19:53:18,891 Data received to client is not a message, decoding as pickle
2022-12-20 19:53:18,908 Data received to client is not a message, decoding as pickle
2022-12-20 19:53:18,927 Data received to client is not a message, decoding as pickle
2022-12-20 19:53:18,941 Data received to client is not a message, decoding as pickle
2022-12-20 19:53:18,959 Data received to client is not a message, decoding as pickle
2022-12-20 19:53:18,977 Data received to client is not a message, decoding as pickle
2022-12-20 19:53:18,992 Data received to client is not a message, decoding as pickle
2022-12-20 19:53:19,010 Data received to client is not a message, decoding as pickle
2022-12-20 19:53:19,029 Data received to client is not a message, decoding as pickle
2022-12-20 19:53:19,045 Data received to client is not a message, decoding as pickle
2022-12-20 19:53:19,062 Data received to client is not a message, decoding as pickle
2022-12-20 19:53:19,079 Data received to client is not a message, decoding as pickle
2022-12-20 19:53:19,096 Data received to client is not a message, decoding as pickle
2022-12-20 19:53:19,116 Data received to client is not a message, decoding as pickle
2022-12-20 19:53:19,132 Data received to client is not a message, decoding as pickle
2022-12-20 19:53:19,149 Data received to client is not a message, decoding as pickle
2022-12-20 19:53:19,166 Data received to client is not a message, decoding as pickle
2022-12-20 19:53:19,186 Data received to client is not a message, decoding as pickle
2022-12-20 19:53:19,200 Data received to client is not a message, decoding as pickle
2022-12-20 19:53:19,221 Data received to client is not a message, decoding as pickle
2022-12-20 19:53:19,234 Data received to client is not a message, decoding as pickle
2022-12-20 19:53:19,250 Data received to client is not a message, decoding as pickle
2022-12-20 19:53:19,270 Data received to client is not a message, decoding as pickle
2022-12-20 19:53:19,285 Data received to client is not a message, decoding as pickle
2022-12-20 19:53:19,302 Data received to client is not a message, decoding as pickle
2022-12-20 19:53:19,322 Data received to client is not a message, decoding as pickle
2022-12-20 19:53:19,336 Data received to client is not a message, decoding as pickle
2022-12-20 19:53:19,353 Data received to client is not a message, decoding as pickle
2022-12-20 19:53:19,372 Data received to client is not a message, decoding as pickle
2022-12-20 19:53:19,387 Data received to client is not a message, decoding as pickle
2022-12-20 19:53:19,404 Data received to client is not a message, decoding as pickle
2022-12-20 19:53:19,422 Data received to client is not a message, decoding as pickle
2022-12-20 19:53:19,438 Data received to client is not a message, decoding as pickle
2022-12-20 19:53:19,455 Data received to client is not a message, decoding as pickle
2022-12-20 19:53:19,473 Data received to client is not a message, decoding as pickle
2022-12-20 19:53:19,489 Data received to client is not a message, decoding as pickle
2022-12-20 19:53:19,506 Data received to client is not a message, decoding as pickle
2022-12-20 19:53:19,525 Data received to client is not a message, decoding as pickle
2022-12-20 19:53:19,540 Data received to client is not a message, decoding as pickle
2022-12-20 19:53:19,557 Data received to client is not a message, decoding as pickle
2022-12-20 19:53:19,575 Data received to client is not a message, decoding as pickle
2022-12-20 19:53:19,591 Data received to client is not a message, decoding as pickle
2022-12-20 19:53:19,608 Data received to client is not a message, decoding as pickle
2022-12-20 19:53:19,626 Data received to client is not a message, decoding as pickle
2022-12-20 19:53:19,641 Data received to client is not a message, decoding as pickle
2022-12-20 19:53:19,658 Data received to client is not a message, decoding as pickle
2022-12-20 19:53:19,677 Data received to client is not a message, decoding as pickle
2022-12-20 19:53:19,693 Data received to client is not a message, decoding as pickle
2022-12-20 19:53:19,709 Data received to client is not a message, decoding as pickle
2022-12-20 19:53:19,729 Data received to client is not a message, decoding as pickle
2022-12-20 19:53:19,745 Data received to client is not a message, decoding as pickle
2022-12-20 19:53:19,764 Data received to client is not a message, decoding as pickle
2022-12-20 19:53:19,780 Data received to client is not a message, decoding as pickle
2022-12-20 19:53:19,797 Data received to client is not a message, decoding as pickle
2022-12-20 19:53:19,814 Data received to client is not a message, decoding as pickle
2022-12-20 19:53:19,831 Data received to client is not a message, decoding as pickle
2022-12-20 19:53:19,849 Data received to client is not a message, decoding as pickle
2022-12-20 19:53:19,866 Data received to client is not a message, decoding as pickle
2022-12-20 19:53:19,882 Data received to client is not a message, decoding as pickle
2022-12-20 19:53:19,899 Data received to client is not a message, decoding as pickle
2022-12-20 19:53:19,920 Data received to client is not a message, decoding as pickle
2022-12-20 19:53:19,933 Data received to client is not a message, decoding as pickle
2022-12-20 19:53:19,949 Data received to client is not a message, decoding as pickle
2022-12-20 19:53:19,969 Data received to client is not a message, decoding as pickle
2022-12-20 19:53:19,983 Data received to client is not a message, decoding as pickle
2022-12-20 19:53:20,000 Data received to client is not a message, decoding as pickle
2022-12-20 19:53:20,020 Data received to client is not a message, decoding as pickle
2022-12-20 19:53:20,034 Data received to client is not a message, decoding as pickle
2022-12-20 19:53:20,052 Data received to client is not a message, decoding as pickle
2022-12-20 19:53:20,070 Data received to client is not a message, decoding as pickle
2022-12-20 19:53:20,086 Data received to client is not a message, decoding as pickle
2022-12-20 19:53:20,103 Data received to client is not a message, decoding as pickle
2022-12-20 19:53:20,121 Data received to client is not a message, decoding as pickle
2022-12-20 19:53:20,138 Data received to client is not a message, decoding as pickle
2022-12-20 19:53:20,155 Data received to client is not a message, decoding as pickle
2022-12-20 19:53:20,174 Data received to client is not a message, decoding as pickle
2022-12-20 19:53:20,188 Data received to client is not a message, decoding as pickle
2022-12-20 19:53:20,206 Data received to client is not a message, decoding as pickle
2022-12-20 19:53:20,223 Data received to client is not a message, decoding as pickle
2022-12-20 19:53:20,240 Data received to client is not a message, decoding as pickle
2022-12-20 19:53:20,257 Data received to client is not a message, decoding as pickle
2022-12-20 19:53:20,275 Data received to client is not a message, decoding as pickle
2022-12-20 19:53:20,293 Data received to client is not a message, decoding as pickle
2022-12-20 19:53:20,326 Data received to client is not a message, decoding as pickle
2022-12-20 19:53:20,342 Data received to client is not a message, decoding as pickle
2022-12-20 19:53:20,404 Data received to client is not a message, decoding as pickle
